1556446628905	mozrunner::runner	INFO	Running command: "/Applications/Firefox.app/Contents/MacOS/firefox-bin" "-marionette" "-foreground" "-no-remote" "-profile" "/var/folders/3n/jmwngw891qxfclfyhdw6_cg40000gn/T/rust_mozprofile.6ghDUnBPz2zL"
1556446631042	addons.webextension.screenshots@mozilla.org	WARN	Loading extension 'screenshots@mozilla.org': Reading manifest: Invalid host permission: resource://pdf.js/
1556446631042	addons.webextension.screenshots@mozilla.org	WARN	Loading extension 'screenshots@mozilla.org': Reading manifest: Invalid host permission: about:reader*
Can't find symbol 'GetGraphicsResetStatus'.
1556446634960	Marionette	INFO	Listening on port 52988
1556446635078	Marionette	WARN	TLS certificate errors will be ignored for this session
1556446635277	Marionette	INFO	Stopped listening on port 52988
JavaScript error: resource://gre/modules/Sqlite.jsm, line 841: Error: Connection is not open.
1556446677847	mozrunner::runner	INFO	Running command: "/Applications/Firefox.app/Contents/MacOS/firefox-bin" "-marionette" "-foreground" "-no-remote" "-profile" "/var/folders/3n/jmwngw891qxfclfyhdw6_cg40000gn/T/rust_mozprofile.U2z3fHORO7XS"
1556446678901	addons.webextension.screenshots@mozilla.org	WARN	Loading extension 'screenshots@mozilla.org': Reading manifest: Invalid host permission: resource://pdf.js/
1556446678901	addons.webextension.screenshots@mozilla.org	WARN	Loading extension 'screenshots@mozilla.org': Reading manifest: Invalid host permission: about:reader*
Can't find symbol 'GetGraphicsResetStatus'.
1556446681635	Marionette	INFO	Listening on port 53075
1556446681664	Marionette	WARN	TLS certificate errors will be ignored for this session
1556446681768	Marionette	INFO	Stopped listening on port 53075
JavaScript error: resource://gre/modules/Sqlite.jsm, line 841: Error: Connection is not open.
1556446775712	mozrunner::runner	INFO	Running command: "/Applications/Firefox.app/Contents/MacOS/firefox-bin" "-marionette" "-foreground" "-no-remote" "-profile" "/var/folders/3n/jmwngw891qxfclfyhdw6_cg40000gn/T/rust_mozprofile.dttnF1qtM6p4"
1556446777034	addons.webextension.screenshots@mozilla.org	WARN	Loading extension 'screenshots@mozilla.org': Reading manifest: Invalid host permission: resource://pdf.js/
1556446777036	addons.webextension.screenshots@mozilla.org	WARN	Loading extension 'screenshots@mozilla.org': Reading manifest: Invalid host permission: about:reader*
Can't find symbol 'GetGraphicsResetStatus'.
1556446780470	Marionette	INFO	Listening on port 53151
1556446780580	Marionette	WARN	TLS certificate errors will be ignored for this session
Exiting due to channel error.
Exiting due to channel error.
Exiting due to channel error.
1556446821872	mozrunner::runner	INFO	Running command: "/Applications/Firefox.app/Contents/MacOS/firefox-bin" "-marionette" "-foreground" "-no-remote" "-profile" "/var/folders/3n/jmwngw891qxfclfyhdw6_cg40000gn/T/rust_mozprofile.sOA6liJUlqDk"
1556446822971	addons.webextension.screenshots@mozilla.org	WARN	Loading extension 'screenshots@mozilla.org': Reading manifest: Invalid host permission: resource://pdf.js/
1556446822971	addons.webextension.screenshots@mozilla.org	WARN	Loading extension 'screenshots@mozilla.org': Reading manifest: Invalid host permission: about:reader*
Can't find symbol 'GetGraphicsResetStatus'.
1556446825668	Marionette	INFO	Listening on port 53237
1556446825686	Marionette	WARN	TLS certificate errors will be ignored for this session
Exiting due to channel error.
Exiting due to channel error.
[GFX1-]: Receive IPC close with reason=AbnormalShutdown
Exiting due to channel error.
1556447066253	mozrunner::runner	INFO	Running command: "/Applications/Firefox.app/Contents/MacOS/firefox-bin" "-marionette" "-foreground" "-no-remote" "-profile" "/var/folders/3n/jmwngw891qxfclfyhdw6_cg40000gn/T/rust_mozprofile.aPXFXnlmp1QA"
1556447067896	addons.webextension.screenshots@mozilla.org	WARN	Loading extension 'screenshots@mozilla.org': Reading manifest: Invalid host permission: resource://pdf.js/
1556447067897	addons.webextension.screenshots@mozilla.org	WARN	Loading extension 'screenshots@mozilla.org': Reading manifest: Invalid host permission: about:reader*
Can't find symbol 'GetGraphicsResetStatus'.
1556447071072	Marionette	INFO	Listening on port 53379
1556447071090	Marionette	WARN	TLS certificate errors will be ignored for this session
1556447077705	Marionette	INFO	Stopped listening on port 53379
1556447142935	mozrunner::runner	INFO	Running command: "/Applications/Firefox.app/Contents/MacOS/firefox-bin" "-marionette" "-foreground" "-no-remote" "-profile" "/var/folders/3n/jmwngw891qxfclfyhdw6_cg40000gn/T/rust_mozprofile.lKe0DLEFTG8Y"
1556447144507	addons.webextension.screenshots@mozilla.org	WARN	Loading extension 'screenshots@mozilla.org': Reading manifest: Invalid host permission: resource://pdf.js/
1556447144509	addons.webextension.screenshots@mozilla.org	WARN	Loading extension 'screenshots@mozilla.org': Reading manifest: Invalid host permission: about:reader*
Can't find symbol 'GetGraphicsResetStatus'.
1556447147989	Marionette	INFO	Listening on port 53479
1556447148091	Marionette	WARN	TLS certificate errors will be ignored for this session
1556447153641	Marionette	INFO	Stopped listening on port 53479
1556447176770	mozrunner::runner	INFO	Running command: "/Applications/Firefox.app/Contents/MacOS/firefox-bin" "-marionette" "-foreground" "-no-remote" "-profile" "/var/folders/3n/jmwngw891qxfclfyhdw6_cg40000gn/T/rust_mozprofile.XuXLXKDevzat"
1556447178436	addons.webextension.screenshots@mozilla.org	WARN	Loading extension 'screenshots@mozilla.org': Reading manifest: Invalid host permission: resource://pdf.js/
1556447178437	addons.webextension.screenshots@mozilla.org	WARN	Loading extension 'screenshots@mozilla.org': Reading manifest: Invalid host permission: about:reader*
Can't find symbol 'GetGraphicsResetStatus'.
1556447182315	Marionette	INFO	Listening on port 53579
1556447182343	Marionette	WARN	TLS certificate errors will be ignored for this session
1556447189287	Marionette	INFO	Stopped listening on port 53579
